Command line:
   OperationUnit_isim_beh.exe
     -simmode  gui
     -simrunnum  0
     -socket  59261

Sat May 09 14:48:31 2020


 Elaboration Time: 0.125 sec

 Current Memory Usage: 834.58 Meg

 Total Signals          : 346
 Total Nets             : 16685
 Total Signal Drivers   : 92
 Total Blocks           : 45
 Total Primitive Blocks : 40
 Total Processes        : 69
 Total Traceable Variables  : 13
 Total Scalar Nets and Variables : 17168
Total Line Count : 584
Total Line Count : 584

 Total Simulation Time: 2.57813 sec

 Current Memory Usage: 362.983 Meg

Sat May 09 14:58:56 2020

