ISim log file
Running: F:\Kursach3.0\Kursach\OperationUnit_isim_beh.exe -intstyle ise -gui -tclbatch isim.cmd -wdb F:/Kursach3.0/Kursach/OperationUnit_isim_beh.wdb 
ISim P.20131013 (signature 0x8ef4fb42)
WARNING: A WEBPACK license was found.
WARNING: Please use Xilinx License Configuration Manager to check out a full ISim license.
WARNING: ISim will run in Lite mode. Please refer to the ISim documentation for more information on the differences between the Lite and the Full version.
This is a Lite version of ISim.
Time resolution is 1 ps
# onerror resume
# wave add /
# run 1000 ns
Simulator is doing circuit initialization process.
Finished circuit initialization process.
at 0 ps, Instance /operationunit/XLXI_42/XLXI_1/ : Warning: NUMERIC_STD.TO_INTEGER: metavalue detected, returning 0
at 0 ps, Instance /operationunit/XLXI_42/XLXI_2/ : Warning: NUMERIC_STD.TO_INTEGER: metavalue detected, returning 0
at 0 ps, Instance /operationunit/XLXI_42/XLXI_3/ : Warning: NUMERIC_STD.TO_INTEGER: metavalue detected, returning 0
at 0 ps, Instance /operationunit/XLXI_42/XLXI_1/ : Warning: NUMERIC_STD.TO_INTEGER: metavalue detected, returning 0
at 0 ps, Instance /operationunit/XLXI_42/XLXI_2/ : Warning: NUMERIC_STD.TO_INTEGER: metavalue detected, returning 0
at 0 ps, Instance /operationunit/XLXI_42/XLXI_3/ : Warning: NUMERIC_STD.TO_INTEGER: metavalue detected, returning 0
at 0 ps, Instance /operationunit/XLXI_42/XLXI_1/ : Warning: NUMERIC_STD.TO_INTEGER: metavalue detected, returning 0
at 0 ps, Instance /operationunit/XLXI_42/XLXI_2/ : Warning: NUMERIC_STD.TO_INTEGER: metavalue detected, returning 0
at 0 ps, Instance /operationunit/XLXI_42/XLXI_3/ : Warning: NUMERIC_STD.TO_INTEGER: metavalue detected, returning 0
# restart
# isim force add /operationunit/clk 0 -radix bin -value 1 -radix bin -time 500 us -repeat 1 ms
# isim force add /operationunit/enter 0 -radix bin
# isim force add /operationunit/start 1 -radix bin
# isim force add /operationunit/in_out_data ZZ -radix hex
/operationunit/in_out_data: Illegal literal for enumeration type
# run 1ms
Simulator is doing circuit initialization process.
Finished circuit initialization process.
at 0 ps, Instance /operationunit/XLXI_42/XLXI_1/ : Warning: NUMERIC_STD.TO_INTEGER: metavalue detected, returning 0
at 0 ps, Instance /operationunit/XLXI_42/XLXI_2/ : Warning: NUMERIC_STD.TO_INTEGER: metavalue detected, returning 0
at 0 ps, Instance /operationunit/XLXI_42/XLXI_3/ : Warning: NUMERIC_STD.TO_INTEGER: metavalue detected, returning 0
at 0 ps, Instance /operationunit/XLXI_42/XLXI_1/ : Warning: NUMERIC_STD.TO_INTEGER: metavalue detected, returning 0
at 0 ps, Instance /operationunit/XLXI_42/XLXI_2/ : Warning: NUMERIC_STD.TO_INTEGER: metavalue detected, returning 0
at 0 ps, Instance /operationunit/XLXI_42/XLXI_3/ : Warning: NUMERIC_STD.TO_INTEGER: metavalue detected, returning 0
at 0 ps, Instance /operationunit/XLXI_42/XLXI_1/ : Warning: NUMERIC_STD.TO_INTEGER: metavalue detected, returning 0
at 0 ps, Instance /operationunit/XLXI_42/XLXI_2/ : Warning: NUMERIC_STD.TO_INTEGER: metavalue detected, returning 0
at 0 ps, Instance /operationunit/XLXI_42/XLXI_3/ : Warning: NUMERIC_STD.TO_INTEGER: metavalue detected, returning 0
# isim force add /operationunit/start 0 -radix bin
# isim force add /operationunit/enter 0 -radix bin -value 1 -radix bin -time 1 ms -repeat 2 ms
# isim force add /operationunit/in_out_data 0F -radix hex
# run 1ms
# run 1ms
# isim force add /operationunit/in_out_data 05 -radix hex
# run 1ms
# run 1ms
# isim force add /operationunit/in_out_data FE -radix hex
# run 1ms
# run 1ms
# isim force add /operationunit/in_out_data FF -radix hex
# run 1ms
# run 1ms
# isim force add /operationunit/in_out_data 18 -radix hex
# run 1ms
# run 1ms
# isim force add /operationunit/in_out_data 09 -radix hex
# run 1ms
# run 1ms
# isim force add /operationunit/in_out_data 01 -radix hex
# run 1ms
# run 1ms
# isim force add /operationunit/in_out_data FC -radix hex
# run 1ms
# run 1ms
# isim force add /operationunit/in_out_data 12 -radix hex
# run 1ms
# run 1ms
# isim force add /operationunit/in_out_data 00 -radix hex
# run 1ms
# run 1ms
# isim force add /operationunit/in_out_data D8 -radix hex
# run 1ms
# run 1ms
# isim force add /operationunit/enter 0 -radix bin
# run 1ms
# run 1ms
# run 1ms
at 25500 us(3), Instance /operationunit/XLXI_1/XLXI_1/ : Warning: NUMERIC_STD.TO_INTEGER: metavalue detected, returning 0
at 25500 us(3), Instance /operationunit/XLXI_1/XLXI_1/ : Warning: NUMERIC_STD.TO_INTEGER: metavalue detected, returning 0
at 25500 us(3), Instance /operationunit/XLXI_1/XLXI_2/ : Warning: NUMERIC_STD.TO_INTEGER: metavalue detected, returning 0
at 25500 us(3), Instance /operationunit/XLXI_1/XLXI_2/ : Warning: NUMERIC_STD.TO_INTEGER: metavalue detected, returning 0
# run 1ms
# run 1ms
# run 1ms
# run 1ms
# run 1ms
# run 1ms
# run 1ms
# run 1ms
# run 1ms
# run 1ms
# run 1ms
# run 1ms
# run 1ms
at 38500 us(3), Instance /operationunit/XLXI_1/XLXI_1/ : Warning: NUMERIC_STD.TO_UNSIGNED: vector truncated
at 38500 us(4), Instance /operationunit/XLXI_1/XLXI_2/ : Warning: NUMERIC_STD.TO_UNSIGNED: vector truncated
at 38500 us(4), Instance /operationunit/XLXI_1/XLXI_1/ : Warning: NUMERIC_STD.TO_UNSIGNED: vector truncated
at 38500 us(5), Instance /operationunit/XLXI_1/XLXI_3/ : Warning: NUMERIC_STD.TO_UNSIGNED: vector truncated
at 38500 us(6), Instance /operationunit/XLXI_1/XLXI_4/ : Warning: NUMERIC_STD.TO_UNSIGNED: vector truncated
# run 1ms
at 39500 us(3), Instance /operationunit/XLXI_1/XLXI_2/ : Warning: NUMERIC_STD.TO_INTEGER: metavalue detected, returning 0
at 39500 us(3), Instance /operationunit/XLXI_1/XLXI_2/ : Warning: NUMERIC_STD.TO_INTEGER: metavalue detected, returning 0
at 39500 us(3), Instance /operationunit/XLXI_1/XLXI_1/ : Warning: NUMERIC_STD.TO_INTEGER: metavalue detected, returning 0
at 39500 us(3), Instance /operationunit/XLXI_1/XLXI_1/ : Warning: NUMERIC_STD.TO_INTEGER: metavalue detected, returning 0
at 39500 us(4), Instance /operationunit/XLXI_1/XLXI_2/ : Warning: NUMERIC_STD.TO_INTEGER: metavalue detected, returning 0
at 39500 us(4), Instance /operationunit/XLXI_1/XLXI_2/ : Warning: NUMERIC_STD.TO_INTEGER: metavalue detected, returning 0
# run 1ms
# run 1ms
# run 1ms
# run 1ms
# run 1ms
# run 1ms
# run 1ms
# run 1ms
# run 1ms
# run 1ms
# run 1ms
# run 1ms
# run 1ms
# run 1ms
at 53500 us(3), Instance /operationunit/XLXI_1/XLXI_1/ : Warning: NUMERIC_STD.TO_INTEGER: metavalue detected, returning 0
at 53500 us(3), Instance /operationunit/XLXI_1/XLXI_1/ : Warning: NUMERIC_STD.TO_INTEGER: metavalue detected, returning 0
at 53500 us(3), Instance /operationunit/XLXI_1/XLXI_2/ : Warning: NUMERIC_STD.TO_INTEGER: metavalue detected, returning 0
at 53500 us(3), Instance /operationunit/XLXI_1/XLXI_2/ : Warning: NUMERIC_STD.TO_INTEGER: metavalue detected, returning 0
at 53500 us(6), Instance /operationunit/XLXI_1/XLXI_2/ : Warning: NUMERIC_STD.TO_UNSIGNED: vector truncated
at 53500 us(6), Instance /operationunit/XLXI_1/XLXI_1/ : Warning: NUMERIC_STD.TO_UNSIGNED: vector truncated
at 53500 us(7), Instance /operationunit/XLXI_1/XLXI_3/ : Warning: NUMERIC_STD.TO_UNSIGNED: vector truncated
at 53500 us(7), Instance /operationunit/XLXI_1/XLXI_2/ : Warning: NUMERIC_STD.TO_UNSIGNED: vector truncated
at 53500 us(8), Instance /operationunit/XLXI_1/XLXI_4/ : Warning: NUMERIC_STD.TO_UNSIGNED: vector truncated
# run 1ms
at 54500 us(3), Instance /operationunit/XLXI_1/XLXI_1/ : Warning: NUMERIC_STD.TO_UNSIGNED: vector truncated
# run 1ms
at 55500 us(3), Instance /operationunit/XLXI_1/XLXI_1/ : Warning: NUMERIC_STD.TO_UNSIGNED: vector truncated
# run 1ms
at 56500 us(4), Instance /operationunit/XLXI_1/XLXI_2/ : Warning: NUMERIC_STD.TO_UNSIGNED: vector truncated
# run 1ms
at 57500 us(3), Instance /operationunit/XLXI_1/XLXI_2/ : Warning: NUMERIC_STD.TO_UNSIGNED: vector truncated
at 57500 us(3), Instance /operationunit/XLXI_1/XLXI_1/ : Warning: NUMERIC_STD.TO_UNSIGNED: vector truncated
at 57500 us(4), Instance /operationunit/XLXI_1/XLXI_2/ : Warning: NUMERIC_STD.TO_UNSIGNED: vector truncated
# run 1ms
at 58500 us(3), Instance /operationunit/XLXI_1/XLXI_1/ : Warning: NUMERIC_STD.TO_UNSIGNED: vector truncated
# run 1ms
at 59500 us(3), Instance /operationunit/XLXI_1/XLXI_1/ : Warning: NUMERIC_STD.TO_UNSIGNED: vector truncated
# run 1ms
# run 1ms
# run 1ms
# run 1ms
# run 1ms
# run 1ms
# run 1ms
# run 1ms
at 67500 us(3), Instance /operationunit/XLXI_1/XLXI_1/ : Warning: NUMERIC_STD.TO_INTEGER: metavalue detected, returning 0
at 67500 us(3), Instance /operationunit/XLXI_1/XLXI_1/ : Warning: NUMERIC_STD.TO_INTEGER: metavalue detected, returning 0
at 67500 us(3), Instance /operationunit/XLXI_1/XLXI_2/ : Warning: NUMERIC_STD.TO_INTEGER: metavalue detected, returning 0
at 67500 us(3), Instance /operationunit/XLXI_1/XLXI_2/ : Warning: NUMERIC_STD.TO_INTEGER: metavalue detected, returning 0
# run 1ms
# run 1ms
# run 1ms
# run 1ms
# run 1ms
# run 1ms
# run 1ms
# run 1ms
# run 1ms
# run 1ms
# run 1ms
# run 1ms
# run 1ms
# run 1ms
at 81500 us(3), Instance /operationunit/XLXI_1/XLXI_1/ : Warning: NUMERIC_STD.TO_INTEGER: metavalue detected, returning 0
at 81500 us(3), Instance /operationunit/XLXI_1/XLXI_1/ : Warning: NUMERIC_STD.TO_INTEGER: metavalue detected, returning 0
at 81500 us(3), Instance /operationunit/XLXI_1/XLXI_2/ : Warning: NUMERIC_STD.TO_INTEGER: metavalue detected, returning 0
at 81500 us(3), Instance /operationunit/XLXI_1/XLXI_2/ : Warning: NUMERIC_STD.TO_INTEGER: metavalue detected, returning 0
at 81500 us(6), Instance /operationunit/XLXI_1/XLXI_1/ : Warning: NUMERIC_STD.TO_UNSIGNED: vector truncated
at 81500 us(7), Instance /operationunit/XLXI_1/XLXI_2/ : Warning: NUMERIC_STD.TO_UNSIGNED: vector truncated
at 81500 us(8), Instance /operationunit/XLXI_1/XLXI_3/ : Warning: NUMERIC_STD.TO_UNSIGNED: vector truncated
at 81500 us(9), Instance /operationunit/XLXI_1/XLXI_4/ : Warning: NUMERIC_STD.TO_UNSIGNED: vector truncated
# run 1ms
at 82500 us(3), Instance /operationunit/XLXI_1/XLXI_1/ : Warning: NUMERIC_STD.TO_UNSIGNED: vector truncated
# run 1ms
# run 1ms
at 84500 us(3), Instance /operationunit/XLXI_1/XLXI_1/ : Warning: NUMERIC_STD.TO_UNSIGNED: vector truncated
# run 1ms
# run 1ms
at 86500 us(3), Instance /operationunit/XLXI_1/XLXI_1/ : Warning: NUMERIC_STD.TO_UNSIGNED: vector truncated
# run 1ms
# run 1ms
# run 1ms
# run 1ms
# run 1ms
# run 1ms
# run 1ms
# run 1ms
# run 1ms
at 95500 us(3), Instance /operationunit/XLXI_1/XLXI_1/ : Warning: NUMERIC_STD.TO_INTEGER: metavalue detected, returning 0
at 95500 us(3), Instance /operationunit/XLXI_1/XLXI_1/ : Warning: NUMERIC_STD.TO_INTEGER: metavalue detected, returning 0
at 95500 us(3), Instance /operationunit/XLXI_1/XLXI_2/ : Warning: NUMERIC_STD.TO_INTEGER: metavalue detected, returning 0
at 95500 us(3), Instance /operationunit/XLXI_1/XLXI_2/ : Warning: NUMERIC_STD.TO_INTEGER: metavalue detected, returning 0
at 95500 us(6), Instance /operationunit/XLXI_1/XLXI_2/ : Warning: NUMERIC_STD.TO_UNSIGNED: vector truncated
at 95500 us(7), Instance /operationunit/XLXI_1/XLXI_3/ : Warning: NUMERIC_STD.TO_UNSIGNED: vector truncated
at 95500 us(8), Instance /operationunit/XLXI_1/XLXI_4/ : Warning: NUMERIC_STD.TO_UNSIGNED: vector truncated
# run 1ms
at 96500 us(3), Instance /operationunit/XLXI_1/XLXI_1/ : Warning: NUMERIC_STD.TO_UNSIGNED: vector truncated
# run 1ms
# run 1ms
at 98500 us(3), Instance /operationunit/XLXI_1/XLXI_1/ : Warning: NUMERIC_STD.TO_UNSIGNED: vector truncated
# run 1ms
# run 1ms
at 100500 us(3), Instance /operationunit/XLXI_1/XLXI_1/ : Warning: NUMERIC_STD.TO_UNSIGNED: vector truncated
# run 1ms
# run 1ms
# run 1ms
# run 1ms
# run 1ms
# run 1ms
# run 1ms
# run 1ms
# run 1ms
at 109500 us(3), Instance /operationunit/XLXI_1/XLXI_1/ : Warning: NUMERIC_STD.TO_INTEGER: metavalue detected, returning 0
at 109500 us(3), Instance /operationunit/XLXI_1/XLXI_1/ : Warning: NUMERIC_STD.TO_INTEGER: metavalue detected, returning 0
at 109500 us(3), Instance /operationunit/XLXI_1/XLXI_2/ : Warning: NUMERIC_STD.TO_INTEGER: metavalue detected, returning 0
at 109500 us(3), Instance /operationunit/XLXI_1/XLXI_2/ : Warning: NUMERIC_STD.TO_INTEGER: metavalue detected, returning 0
at 109500 us(6), Instance /operationunit/XLXI_1/XLXI_2/ : Warning: NUMERIC_STD.TO_UNSIGNED: vector truncated
at 109500 us(6), Instance /operationunit/XLXI_1/XLXI_1/ : Warning: NUMERIC_STD.TO_UNSIGNED: vector truncated
at 109500 us(7), Instance /operationunit/XLXI_1/XLXI_3/ : Warning: NUMERIC_STD.TO_UNSIGNED: vector truncated
at 109500 us(7), Instance /operationunit/XLXI_1/XLXI_2/ : Warning: NUMERIC_STD.TO_UNSIGNED: vector truncated
at 109500 us(8), Instance /operationunit/XLXI_1/XLXI_4/ : Warning: NUMERIC_STD.TO_UNSIGNED: vector truncated
# run 1ms
at 110500 us(3), Instance /operationunit/XLXI_1/XLXI_1/ : Warning: NUMERIC_STD.TO_UNSIGNED: vector truncated
# run 1ms
at 111500 us(3), Instance /operationunit/XLXI_1/XLXI_1/ : Warning: NUMERIC_STD.TO_UNSIGNED: vector truncated
# run 1ms
at 112500 us(3), Instance /operationunit/XLXI_1/XLXI_1/ : Warning: NUMERIC_STD.TO_UNSIGNED: vector truncated
# run 1ms
at 113500 us(3), Instance /operationunit/XLXI_1/XLXI_1/ : Warning: NUMERIC_STD.TO_UNSIGNED: vector truncated
# run 1ms
at 114500 us(3), Instance /operationunit/XLXI_1/XLXI_1/ : Warning: NUMERIC_STD.TO_UNSIGNED: vector truncated
# run 1ms
at 115500 us(3), Instance /operationunit/XLXI_1/XLXI_1/ : Warning: NUMERIC_STD.TO_UNSIGNED: vector truncated
# run 1ms
# run 1ms
# run 1ms
# run 1ms
# run 1ms
# run 1ms
# run 1ms
# run 1ms
at 123500 us(3), Instance /operationunit/XLXI_1/XLXI_1/ : Warning: NUMERIC_STD.TO_INTEGER: metavalue detected, returning 0
at 123500 us(3), Instance /operationunit/XLXI_1/XLXI_1/ : Warning: NUMERIC_STD.TO_INTEGER: metavalue detected, returning 0
at 123500 us(3), Instance /operationunit/XLXI_1/XLXI_2/ : Warning: NUMERIC_STD.TO_INTEGER: metavalue detected, returning 0
at 123500 us(3), Instance /operationunit/XLXI_1/XLXI_2/ : Warning: NUMERIC_STD.TO_INTEGER: metavalue detected, returning 0
# run 1ms
at 124500 us(3), Instance /operationunit/XLXI_1/XLXI_2/ : Warning: NUMERIC_STD.TO_UNSIGNED: vector truncated
at 124500 us(3), Instance /operationunit/XLXI_1/XLXI_1/ : Warning: NUMERIC_STD.TO_UNSIGNED: vector truncated
at 124500 us(4), Instance /operationunit/XLXI_1/XLXI_3/ : Warning: NUMERIC_STD.TO_UNSIGNED: vector truncated
at 124500 us(4), Instance /operationunit/XLXI_1/XLXI_2/ : Warning: NUMERIC_STD.TO_UNSIGNED: vector truncated
at 124500 us(5), Instance /operationunit/XLXI_1/XLXI_4/ : Warning: NUMERIC_STD.TO_UNSIGNED: vector truncated
# run 1ms
at 125500 us(3), Instance /operationunit/XLXI_1/XLXI_1/ : Warning: NUMERIC_STD.TO_UNSIGNED: vector truncated
# run 1ms
at 126500 us(3), Instance /operationunit/XLXI_1/XLXI_1/ : Warning: NUMERIC_STD.TO_UNSIGNED: vector truncated
# run 1ms
at 127500 us(3), Instance /operationunit/XLXI_1/XLXI_1/ : Warning: NUMERIC_STD.TO_UNSIGNED: vector truncated
# run 1ms
at 128500 us(3), Instance /operationunit/XLXI_1/XLXI_1/ : Warning: NUMERIC_STD.TO_UNSIGNED: vector truncated
# run 1ms
at 129500 us(3), Instance /operationunit/XLXI_1/XLXI_1/ : Warning: NUMERIC_STD.TO_UNSIGNED: vector truncated
# run 1ms
# run 1ms
# run 1ms
# run 1ms
# run 1ms
# run 1ms
# run 1ms
# run 1ms
at 137500 us(3), Instance /operationunit/XLXI_1/XLXI_1/ : Warning: NUMERIC_STD.TO_INTEGER: metavalue detected, returning 0
at 137500 us(3), Instance /operationunit/XLXI_1/XLXI_1/ : Warning: NUMERIC_STD.TO_INTEGER: metavalue detected, returning 0
at 137500 us(3), Instance /operationunit/XLXI_1/XLXI_2/ : Warning: NUMERIC_STD.TO_INTEGER: metavalue detected, returning 0
at 137500 us(3), Instance /operationunit/XLXI_1/XLXI_2/ : Warning: NUMERIC_STD.TO_INTEGER: metavalue detected, returning 0
# run 1ms
# run 1ms
at 139500 us(3), Instance /operationunit/XLXI_1/XLXI_1/ : Warning: NUMERIC_STD.TO_UNSIGNED: vector truncated
# run 1ms
# run 1ms
# run 1ms
at 142500 us(3), Instance /operationunit/XLXI_1/XLXI_1/ : Warning: NUMERIC_STD.TO_UNSIGNED: vector truncated
# run 1ms
# run 1ms
# run 1ms
# run 1ms
# run 1ms
# run 1ms
# run 1ms
# run 1ms
# run 1ms
at 151500 us(3), Instance /operationunit/XLXI_1/XLXI_1/ : Warning: NUMERIC_STD.TO_INTEGER: metavalue detected, returning 0
at 151500 us(3), Instance /operationunit/XLXI_1/XLXI_1/ : Warning: NUMERIC_STD.TO_INTEGER: metavalue detected, returning 0
at 151500 us(3), Instance /operationunit/XLXI_1/XLXI_2/ : Warning: NUMERIC_STD.TO_INTEGER: metavalue detected, returning 0
at 151500 us(3), Instance /operationunit/XLXI_1/XLXI_2/ : Warning: NUMERIC_STD.TO_INTEGER: metavalue detected, returning 0
at 151500 us(6), Instance /operationunit/XLXI_1/XLXI_1/ : Warning: NUMERIC_STD.TO_UNSIGNED: vector truncated
at 151500 us(7), Instance /operationunit/XLXI_1/XLXI_2/ : Warning: NUMERIC_STD.TO_UNSIGNED: vector truncated
at 151500 us(8), Instance /operationunit/XLXI_1/XLXI_3/ : Warning: NUMERIC_STD.TO_UNSIGNED: vector truncated
at 151500 us(9), Instance /operationunit/XLXI_1/XLXI_4/ : Warning: NUMERIC_STD.TO_UNSIGNED: vector truncated
# run 1ms
at 152500 us(3), Instance /operationunit/XLXI_1/XLXI_1/ : Warning: NUMERIC_STD.TO_UNSIGNED: vector truncated
# run 1ms
at 153500 us(3), Instance /operationunit/XLXI_1/XLXI_1/ : Warning: NUMERIC_STD.TO_UNSIGNED: vector truncated
# run 1ms
at 154500 us(3), Instance /operationunit/XLXI_1/XLXI_1/ : Warning: NUMERIC_STD.TO_UNSIGNED: vector truncated
# run 1ms
at 155500 us(3), Instance /operationunit/XLXI_1/XLXI_1/ : Warning: NUMERIC_STD.TO_UNSIGNED: vector truncated
# run 1ms
at 156500 us(3), Instance /operationunit/XLXI_1/XLXI_1/ : Warning: NUMERIC_STD.TO_UNSIGNED: vector truncated
# run 1ms
at 157500 us(3), Instance /operationunit/XLXI_1/XLXI_1/ : Warning: NUMERIC_STD.TO_UNSIGNED: vector truncated
# run 1ms
# run 1ms
# run 1ms
# isim force remove /operationunit/in_out_data
# run 1ms
# run 1ms
# run 1ms
# isim force add /operationunit/enter 1 -radix bin -value 0 -radix bin -time 1 ms -repeat 2 ms
# run 1ms
# run 1ms
# run 1ms
# run 1ms
# run 1ms
# run 1ms
# run 1ms
# run 1ms
# run 1ms
# run 1ms
# run 1ms
# run 1ms
# run 1ms
# run 1ms
# run 1ms
# run 1ms
# run 1ms
# run 1ms
# run 1ms
# isim force add /operationunit/enter 0 -radix bin
# run 1ms
